$ brew install nginx
Updating Homebrew...
==> Auto-updated Homebrew!
Updated 1 tap (homebrew/cask).
No changes to formulae.

==> Installing dependencies for nginx: pcre
==> Installing nginx dependency: pcre
==> Downloading https://homebrew.bintray.com/bottles/pcre-8.42.mojave.bottle.tar.gz
######################################################################## 100.0%
==> Pouring pcre-8.42.mojave.bottle.tar.gz
ðŸº  /usr/local/Cellar/pcre/8.42: 204 files, 5.5MB
==> Installing nginx
==> Downloading https://homebrew.bintray.com/bottles/nginx-1.15.8.mojave.bottle.1.tar.gz
######################################################################## 100.0%
==> Pouring nginx-1.15.8.mojave.bottle.1.tar.gz
==> Caveats

Docroot is: /usr/local/var/www

The default port has been set in /usr/local/etc/nginx/nginx.conf to 8080 so that
nginx can run without sudo.

nginx will load all files in /usr/local/etc/nginx/servers/.

To have launchd start nginx now and restart at login:
  brew services start nginx
Or, if you don't want/need a background service you can just run:
  nginx
==> Summary
ðŸº  /usr/local/Cellar/nginx/1.15.8: 23 files, 1.4MB
==> Caveats
==> nginx
Docroot is: /usr/local/var/www

The default port has been set in /usr/local/etc/nginx/nginx.conf to 8080 so that
nginx can run without sudo.

nginx will load all files in /usr/local/etc/nginx/servers/.

To have launchd start nginx now and restart at login:
  brew services start nginx
Or, if you don't want/need a background service you can just run:
  nginx